\BOOKMARK [0][-]{chapter.1}{Why this tool?}{}% 1
\BOOKMARK [0][-]{chapter.2}{Installation}{}% 2
\BOOKMARK [0][-]{chapter.3}{How to use PropGen}{}% 3
\BOOKMARK [0][-]{chapter.4}{How to customize PropGren}{}% 4
\BOOKMARK [1][-]{section.4.1}{Simple customization}{chapter.4}% 5
\BOOKMARK [1][-]{section.4.2}{Customize LaTeX templates}{chapter.4}% 6
\BOOKMARK [1][-]{section.4.3}{Complex customization}{chapter.4}% 7
\BOOKMARK [0][-]{chapter.5}{Open Issues}{}% 8
\BOOKMARK [1][-]{section.5.1}{Known bugs}{chapter.5}% 9
\BOOKMARK [1][-]{section.5.2}{Things still to do \(TODO\)}{chapter.5}% 10
\BOOKMARK [1][-]{section.5.3}{Debatable aspects}{chapter.5}% 11
\BOOKMARK [1][-]{section.5.4}{Ideas for future features}{chapter.5}% 12
\BOOKMARK [0][-]{chapter.6}{Source code documentation}{}% 13
\BOOKMARK [1][-]{section.6.1}{pullproject}{chapter.6}% 14
\BOOKMARK [1][-]{section.6.2}{wikiParser}{chapter.6}% 15
\BOOKMARK [1][-]{section.6.3}{latexFromWiki}{chapter.6}% 16
\BOOKMARK [1][-]{section.6.4}{latexFromXML}{chapter.6}% 17
\BOOKMARK [1][-]{section.6.5}{settings}{chapter.6}% 18
\BOOKMARK [1][-]{section.6.6}{ensureSymbolicLinks}{chapter.6}% 19
\BOOKMARK [1][-]{section.6.7}{utils}{chapter.6}% 20
\BOOKMARK [0][-]{chapter.7}{Indices and tables}{}% 21
\BOOKMARK [0][-]{section*.28}{Python Module Index}{}% 22
\BOOKMARK [0][-]{section*.29}{Index}{}% 23
